[debug] [2024-06-28T12:58:43.954Z] ----------------------------------------------------------------------
[debug] [2024-06-28T12:58:43.955Z] Command:       /usr/local/bin/node /usr/local/bin/firebase init hosting
[debug] [2024-06-28T12:58:43.955Z] CLI Version:   13.12.0
[debug] [2024-06-28T12:58:43.955Z] Platform:      darwin
[debug] [2024-06-28T12:58:43.955Z] Node Version:  v18.17.1
[debug] [2024-06-28T12:58:43.956Z] Time:          Fri Jun 28 2024 18:43:43 GMT+0545 (Nepal Time)
[debug] [2024-06-28T12:58:43.956Z] ----------------------------------------------------------------------
[debug] 
[debug] [2024-06-28T12:58:43.989Z] > command requires scopes: ["email","openid","https://www.googleapis.com/auth/cloudplatformprojects.readonly","https://www.googleapis.com/auth/firebase","https://www.googleapis.com/auth/cloud-platform"]
[debug] [2024-06-28T12:58:43.989Z] > authorizing via signed-in user (ishanawal68@gmail.com)
[info] 
     ######## #### ########  ######## ########     ###     ######  ########
     ##        ##  ##     ## ##       ##     ##  ##   ##  ##       ##
     ######    ##  ########  ######   ########  #########  ######  ######
     ##        ##  ##    ##  ##       ##     ## ##     ##       ## ##
     ##       #### ##     ## ######## ########  ##     ##  ######  ########

You're about to initialize a Firebase project in this directory:

  /Users/ishanawal/Documents/developments/cocoon-web

Before we get started, keep in mind:

  * You are initializing within an existing Firebase project directory

[info] 
=== Project Setup
[info] 
[info] First, let's associate this project directory with a Firebase project.
[info] You can create multiple project aliases by running firebase use --add, 
[info] but for now we'll just set up a default project.
[info] 
[debug] [2024-06-28T12:58:43.991Z] Using project from CLI flag: cocoon-22320
[debug] [2024-06-28T12:58:43.991Z] > refreshing access token with scopes: []
[debug] [2024-06-28T12:58:43.992Z] >>> [apiv2][query] POST https://www.googleapis.com/oauth2/v3/token [none]
[debug] [2024-06-28T12:58:43.992Z] >>> [apiv2][body] POST https://www.googleapis.com/oauth2/v3/token [omitted]
[debug] [2024-06-28T12:58:44.295Z] <<< [apiv2][status] POST https://www.googleapis.com/oauth2/v3/token 400
[debug] [2024-06-28T12:58:44.296Z] <<< [apiv2][body] POST https://www.googleapis.com/oauth2/v3/token [omitted]
[debug] [2024-06-28T12:58:44.297Z] >>> [apiv2][query] GET https://firebase.googleapis.com/v1beta1/projects/cocoon-22320 [none]
[debug] [2024-06-28T12:58:44.620Z] <<< [apiv2][status] GET https://firebase.googleapis.com/v1beta1/projects/cocoon-22320 401
[debug] [2024-06-28T12:58:44.620Z] <<< [apiv2][body] GET https://firebase.googleapis.com/v1beta1/projects/cocoon-22320 {"error":{"code":401,"message":"Request had invalid authentication credentials. Expected OAuth 2 access token, login cookie or other valid authentication credential. See https://developers.google.com/identity/sign-in/web/devconsole-project.","status":"UNAUTHENTICATED"}}
[debug] [2024-06-28T12:58:44.621Z] HTTP Error: 401, Request had invalid authentication credentials. Expected OAuth 2 access token, login cookie or other valid authentication credential. See https://developers.google.com/identity/sign-in/web/devconsole-project.
[debug] [2024-06-28T12:58:46.153Z] FirebaseError: HTTP Error: 401, Request had invalid authentication credentials. Expected OAuth 2 access token, login cookie or other valid authentication credential. See https://developers.google.com/identity/sign-in/web/devconsole-project.
    at responseToError (/usr/local/lib/node_modules/firebase-tools/lib/responseToError.js:49:12)
    at RetryOperation._fn (/usr/local/lib/node_modules/firebase-tools/lib/apiv2.js:305:77)
    at process.processTicksAndRejections (node:internal/process/task_queues:95:5)
[error] 
[error] Error: Failed to get Firebase project cocoon-22320. Please make sure the project exists and your account has permission to access it.
[debug] [2024-06-28T13:02:26.569Z] ----------------------------------------------------------------------
[debug] [2024-06-28T13:02:26.570Z] Command:       /usr/local/bin/node /usr/local/bin/firebase init hosting
[debug] [2024-06-28T13:02:26.571Z] CLI Version:   13.12.0
[debug] [2024-06-28T13:02:26.571Z] Platform:      darwin
[debug] [2024-06-28T13:02:26.571Z] Node Version:  v18.17.1
[debug] [2024-06-28T13:02:26.572Z] Time:          Fri Jun 28 2024 18:47:26 GMT+0545 (Nepal Time)
[debug] [2024-06-28T13:02:26.572Z] ----------------------------------------------------------------------
[debug] 
[debug] [2024-06-28T13:02:26.607Z] > command requires scopes: ["email","openid","https://www.googleapis.com/auth/cloudplatformprojects.readonly","https://www.googleapis.com/auth/firebase","https://www.googleapis.com/auth/cloud-platform"]
[debug] [2024-06-28T13:02:26.607Z] > authorizing via signed-in user (ishanawal68@gmail.com)
[info] 
     ######## #### ########  ######## ########     ###     ######  ########
     ##        ##  ##     ## ##       ##     ##  ##   ##  ##       ##
     ######    ##  ########  ######   ########  #########  ######  ######
     ##        ##  ##    ##  ##       ##     ## ##     ##       ## ##
     ##       #### ##     ## ######## ########  ##     ##  ######  ########

You're about to initialize a Firebase project in this directory:

  /Users/ishanawal/Documents/developments/cocoon-web

Before we get started, keep in mind:

  * You are initializing within an existing Firebase project directory

[info] 
=== Project Setup
[info] 
[info] First, let's associate this project directory with a Firebase project.
[info] You can create multiple project aliases by running firebase use --add, 
[info] but for now we'll just set up a default project.
[info] 
[debug] [2024-06-28T13:02:26.609Z] Using project from CLI flag: cocoon-22320
[debug] [2024-06-28T13:02:26.610Z] > refreshing access token with scopes: []
[debug] [2024-06-28T13:02:26.611Z] >>> [apiv2][query] POST https://www.googleapis.com/oauth2/v3/token [none]
[debug] [2024-06-28T13:02:26.611Z] >>> [apiv2][body] POST https://www.googleapis.com/oauth2/v3/token [omitted]
[debug] [2024-06-28T13:02:27.191Z] <<< [apiv2][status] POST https://www.googleapis.com/oauth2/v3/token 400
[debug] [2024-06-28T13:02:27.192Z] <<< [apiv2][body] POST https://www.googleapis.com/oauth2/v3/token [omitted]
[debug] [2024-06-28T13:02:27.193Z] >>> [apiv2][query] GET https://firebase.googleapis.com/v1beta1/projects/cocoon-22320 [none]
[debug] [2024-06-28T13:02:27.475Z] <<< [apiv2][status] GET https://firebase.googleapis.com/v1beta1/projects/cocoon-22320 401
[debug] [2024-06-28T13:02:27.476Z] <<< [apiv2][body] GET https://firebase.googleapis.com/v1beta1/projects/cocoon-22320 {"error":{"code":401,"message":"Request had invalid authentication credentials. Expected OAuth 2 access token, login cookie or other valid authentication credential. See https://developers.google.com/identity/sign-in/web/devconsole-project.","status":"UNAUTHENTICATED"}}
[debug] [2024-06-28T13:02:27.476Z] HTTP Error: 401, Request had invalid authentication credentials. Expected OAuth 2 access token, login cookie or other valid authentication credential. See https://developers.google.com/identity/sign-in/web/devconsole-project.
[debug] [2024-06-28T13:02:27.932Z] FirebaseError: HTTP Error: 401, Request had invalid authentication credentials. Expected OAuth 2 access token, login cookie or other valid authentication credential. See https://developers.google.com/identity/sign-in/web/devconsole-project.
    at responseToError (/usr/local/lib/node_modules/firebase-tools/lib/responseToError.js:49:12)
    at RetryOperation._fn (/usr/local/lib/node_modules/firebase-tools/lib/apiv2.js:305:77)
    at process.processTicksAndRejections (node:internal/process/task_queues:95:5)
[error] 
[error] Error: Failed to get Firebase project cocoon-22320. Please make sure the project exists and your account has permission to access it.
